[debug] [2024-09-17T05:36:12.337Z] ----------------------------------------------------------------------
[debug] [2024-09-17T05:36:12.343Z] Command:       C:\Program Files\nodejs\node.exe C:\Users\USER\AppData\Roaming\npm\node_modules\firebase-tools\lib\bin\firebase.js init
[debug] [2024-09-17T05:36:12.344Z] CLI Version:   13.13.1
[debug] [2024-09-17T05:36:12.344Z] Platform:      win32
[debug] [2024-09-17T05:36:12.344Z] Node Version:  v20.11.0
[debug] [2024-09-17T05:36:12.344Z] Time:          Tue Sep 17 2024 06:36:12 GMT+0100 (West Africa Standard Time)
[debug] [2024-09-17T05:36:12.344Z] ----------------------------------------------------------------------
[debug] 
[debug] [2024-09-17T05:36:12.523Z] > command requires scopes: ["email","openid","https://www.googleapis.com/auth/cloudplatformprojects.readonly","https://www.googleapis.com/auth/firebase","https://www.googleapis.com/auth/cloud-platform"]
[debug] [2024-09-17T05:36:12.523Z] > authorizing via signed-in user (oladejianthony4@gmail.com)
[info] 
     ######## #### ########  ######## ########     ###     ######  ########
     ##        ##  ##     ## ##       ##     ##  ##   ##  ##       ##
     ######    ##  ########  ######   ########  #########  ######  ######
     ##        ##  ##    ##  ##       ##     ## ##     ##       ## ##
     ##       #### ##     ## ######## ########  ##     ##  ######  ########

You're about to initialize a Firebase project in this directory:

  C:\Users\USER\Desktop\Web Development\Eryeol_Folder\nata-website

Before we get started, keep in mind:

  * You are initializing within an existing Firebase project directory

[info] 
=== Project Setup
[info] 
[info] First, let's associate this project directory with a Firebase project.
[info] You can create multiple project aliases by running firebase use --add, 
[info] but for now we'll just set up a default project.
[info] 
[debug] [2024-09-17T05:36:43.154Z] Using project from CLI flag: tianahs-fragrance
[debug] [2024-09-17T05:36:43.157Z] >>> [apiv2][query] GET https://firebase.googleapis.com/v1beta1/projects/tianahs-fragrance [none]
[debug] [2024-09-17T05:36:43.928Z] <<< [apiv2][status] GET https://firebase.googleapis.com/v1beta1/projects/tianahs-fragrance 403
[debug] [2024-09-17T05:36:43.928Z] <<< [apiv2][body] GET https://firebase.googleapis.com/v1beta1/projects/tianahs-fragrance {"error":{"code":403,"message":"The caller does not have permission","status":"PERMISSION_DENIED"}}
[debug] [2024-09-17T05:36:43.929Z] HTTP Error: 403, The caller does not have permission
[debug] [2024-09-17T05:36:44.266Z] FirebaseError: HTTP Error: 403, The caller does not have permission
    at responseToError (C:\Users\USER\AppData\Roaming\npm\node_modules\firebase-tools\lib\responseToError.js:49:12)
    at RetryOperation._fn (C:\Users\USER\AppData\Roaming\npm\node_modules\firebase-tools\lib\apiv2.js:305:77)
    at process.processTicksAndRejections (node:internal/process/task_queues:95:5)
[error] 
[error] Error: Failed to get Firebase project tianahs-fragrance. Please make sure the project exists and your account has permission to access it.
[debug] [2024-09-17T05:37:12.203Z] ----------------------------------------------------------------------
[debug] [2024-09-17T05:37:12.208Z] Command:       C:\Program Files\nodejs\node.exe C:\Users\USER\AppData\Roaming\npm\node_modules\firebase-tools\lib\bin\firebase.js init
[debug] [2024-09-17T05:37:12.208Z] CLI Version:   13.13.1
[debug] [2024-09-17T05:37:12.209Z] Platform:      win32
[debug] [2024-09-17T05:37:12.209Z] Node Version:  v20.11.0
[debug] [2024-09-17T05:37:12.209Z] Time:          Tue Sep 17 2024 06:37:12 GMT+0100 (West Africa Standard Time)
[debug] [2024-09-17T05:37:12.209Z] ----------------------------------------------------------------------
[debug] 
[debug] [2024-09-17T05:37:12.323Z] > command requires scopes: ["email","openid","https://www.googleapis.com/auth/cloudplatformprojects.readonly","https://www.googleapis.com/auth/firebase","https://www.googleapis.com/auth/cloud-platform"]
[debug] [2024-09-17T05:37:12.324Z] > authorizing via signed-in user (oladejianthony4@gmail.com)
[info] 
     ######## #### ########  ######## ########     ###     ######  ########
     ##        ##  ##     ## ##       ##     ##  ##   ##  ##       ##
     ######    ##  ########  ######   ########  #########  ######  ######
     ##        ##  ##    ##  ##       ##     ## ##     ##       ## ##
     ##       #### ##     ## ######## ########  ##     ##  ######  ########

You're about to initialize a Firebase project in this directory:

  C:\Users\USER\Desktop\Web Development\Eryeol_Folder\nata-website

Before we get started, keep in mind:

  * You are initializing within an existing Firebase project directory

[info] 
=== Project Setup
[info] 
[info] First, let's associate this project directory with a Firebase project.
[info] You can create multiple project aliases by running firebase use --add, 
[info] but for now we'll just set up a default project.
[info] 
[debug] [2024-09-17T05:37:26.382Z] Using project from CLI flag: tianahs-fragrance
[debug] [2024-09-17T05:37:26.384Z] >>> [apiv2][query] GET https://firebase.googleapis.com/v1beta1/projects/tianahs-fragrance [none]
[debug] [2024-09-17T05:37:27.138Z] <<< [apiv2][status] GET https://firebase.googleapis.com/v1beta1/projects/tianahs-fragrance 403
[debug] [2024-09-17T05:37:27.139Z] <<< [apiv2][body] GET https://firebase.googleapis.com/v1beta1/projects/tianahs-fragrance {"error":{"code":403,"message":"The caller does not have permission","status":"PERMISSION_DENIED"}}
[debug] [2024-09-17T05:37:27.140Z] HTTP Error: 403, The caller does not have permission
[debug] [2024-09-17T05:37:27.485Z] FirebaseError: HTTP Error: 403, The caller does not have permission
    at responseToError (C:\Users\USER\AppData\Roaming\npm\node_modules\firebase-tools\lib\responseToError.js:49:12)
    at RetryOperation._fn (C:\Users\USER\AppData\Roaming\npm\node_modules\firebase-tools\lib\apiv2.js:305:77)
    at process.processTicksAndRejections (node:internal/process/task_queues:95:5)
[error] 
[error] Error: Failed to get Firebase project tianahs-fragrance. Please make sure the project exists and your account has permission to access it.
